<?xml version="1.0" encoding="UTF-8"?>
<testsuite xmlns:xsi="http://www.w3.org/2001/XMLSchema-instance" xsi:noNamespaceSchemaLocation="https://maven.apache.org/surefire/maven-surefire-plugin/xsd/surefire-test-report-3.0.xsd" version="3.0" name="com.ing.stockexchange.StockexchangeApplicationTests" time="23.928" tests="1" errors="0" skipped="0" failures="0">
  <properties>
[...]
</properties>
  <testcase name="contextLoads" classname="com.ing.stockexchange.StockexchangeApplicationTests" time="0.126">
    <system-out><![CDATA[16:36:04.367 [main] INFO org.springframework.test.context.support.AnnotationConfigContextLoaderUtils -- Could not detect default configuration classes for test class [com.ing.stockexchange.StockexchangeApplicationTests]: StockexchangeApplicationTests does not declare any static, non-private, non-final, nested classes annotated with @Configuration.
16:36:04.533 [main] INFO org.springframework.boot.test.context.SpringBootTestContextBootstrapper -- Found @SpringBootConfiguration com.ing.stockexchange.StockexchangeApplication for test class com.ing.stockexchange.StockexchangeApplicationTests
16:36:04.815 [main] INFO org.springframework.boot.devtools.restart.RestartApplicationListener -- Restart disabled due to context in which it is running
  .   ____          _            __ _ _
 /\\ / ___'_ __ _ _(_)_ __  __ _ \ \ \ \
( ( )\___ | '_ | '_| | '_ \/ _` | \ \ \ \
 \\/  ___)| |_)| | | | | || (_| |  ) ) ) )
  '  |____| .__|_| |_|_| |_\__, | / / / /
 =========|_|==============|___/=/_/_/_/

 :: Spring Boot ::                (v3.3.0)

16:36:05.566 [main] INFO  c.i.s.StockexchangeApplicationTests [ trace AND spanId /] - Starting StockexchangeApplicationTests using Java 17.0.10 with PID 33392 (started by eismpil in C:\Dev\demo)
16:36:05.568 [main] INFO  c.i.s.StockexchangeApplicationTests [ trace AND spanId /] - No active profile set, falling back to 1 default profile: "default"
16:36:07.767 [main] INFO  o.s.d.r.c.RepositoryConfigurationDelegate [ trace AND spanId /] - Bootstrapping Spring Data JPA repositories in DEFAULT mode.
16:36:07.914 [main] INFO  o.s.d.r.c.RepositoryConfigurationDelegate [ trace AND spanId /] - Finished Spring Data repository scanning in 129 ms. Found 3 JPA repository interfaces.
16:36:09.529 [main] INFO  com.zaxxer.hikari.HikariDataSource [ trace AND spanId /] - HikariPool-1 - Starting...
16:36:10.020 [main] INFO  com.zaxxer.hikari.pool.HikariPool [ trace AND spanId /] - HikariPool-1 - Added connection conn0: url=jdbc:h2:mem:stockdb user=SA
16:36:10.028 [main] INFO  com.zaxxer.hikari.HikariDataSource [ trace AND spanId /] - HikariPool-1 - Start completed.
16:36:10.450 [main] INFO  o.h.jpa.internal.util.LogHelper [ trace AND spanId /] - HHH000204: Processing PersistenceUnitInfo [name: default]
16:36:10.629 [main] INFO  org.hibernate.Version [ trace AND spanId /] - HHH000412: Hibernate ORM core version 6.5.2.Final
16:36:10.743 [main] INFO  o.h.c.i.RegionFactoryInitiator [ trace AND spanId /] - HHH000026: Second-level cache disabled
16:36:11.024 [main] INFO  o.s.o.j.p.SpringPersistenceUnitInfo [ trace AND spanId /] - No LoadTimeWeaver setup: ignoring JPA class transformer
16:36:11.118 [main] WARN  org.hibernate.orm.deprecation [ trace AND spanId /] - HHH90000025: H2Dialect does not need to be specified explicitly using 'hibernate.dialect' (remove the property setting and it will be selected by default)
16:36:12.752 [main] INFO  o.h.e.t.j.p.i.JtaPlatformInitiator [ trace AND spanId /] - HHH000489: No JTA platform available (set 'hibernate.transaction.jta.platform' to enable JTA platform integration)
Hibernate: alter table if exists stock alter column current_price set data type numeric(38,2)
16:36:12.850 [main] INFO  o.s.o.j.LocalContainerEntityManagerFactoryBean [ trace AND spanId /] - Initialized JPA EntityManagerFactory for persistence unit 'default'
16:36:15.061 [main] INFO  o.s.d.j.r.query.QueryEnhancerFactory [ trace AND spanId /] - Hibernate is in classpath; If applicable, HQL parser will be used.
16:36:16.456 [main] WARN  o.s.b.a.o.j.JpaBaseConfiguration$JpaWebConfiguration [ trace AND spanId /] - spring.jpa.open-in-view is enabled by default. Therefore, database queries may be performed during view rendering. Explicitly configure spring.jpa.open-in-view to disable this warning
16:36:17.348 [main] INFO  o.s.s.c.a.a.c.InitializeUserDetailsBeanManagerConfigurer$InitializeUserDetailsManagerConfigurer [ trace AND spanId /] - Global AuthenticationManager configured with UserDetailsService bean with name jpaUserDetailsService
16:36:21.200 [main] INFO  o.s.b.a.e.web.EndpointLinksResolver [ trace AND spanId /] - Exposing 1 endpoint beneath base path '/actuator'
16:36:23.480 [main] INFO  o.s.s.web.DefaultSecurityFilterChain [ trace AND spanId /] - Will secure any request with [org.springframework.security.web.session.DisableEncodeUrlFilter@1235abb2, org.springframework.security.web.context.request.async.WebAsyncManagerIntegrationFilter@5eef570, org.springframework.security.web.context.SecurityContextHolderFilter@d70bdec, org.springframework.security.web.header.HeaderWriterFilter@cb7ec2c, org.springframework.web.filter.CorsFilter@641423eb, org.springframework.security.web.csrf.CsrfFilter@28494fd9, org.springframework.security.web.authentication.logout.LogoutFilter@48313ada, org.springframework.security.web.authentication.www.BasicAuthenticationFilter@7bbf17d, org.springframework.security.web.savedrequest.RequestCacheAwareFilter@6a16b724, org.springframework.security.web.servletapi.SecurityContextHolderAwareRequestFilter@c370bb5, org.springframework.security.web.authentication.AnonymousAuthenticationFilter@42334d07, org.springframework.security.web.access.ExceptionTranslationFilter@629eeeec, org.springframework.security.web.access.intercept.AuthorizationFilter@7782b3c5]
16:36:26.662 [main] INFO  o.s.b.a.h.H2ConsoleAutoConfiguration [ trace AND spanId /] - H2 console available at '/h2-console'. Database available at 'jdbc:h2:mem:stockdb'
16:36:27.821 [main] INFO  c.i.s.StockexchangeApplicationTests [ trace AND spanId /] - Started StockexchangeApplicationTests in 23.031 seconds (process running for 30.486)
]]></system-out>
  </testcase>
</testsuite>